This is pdfTeX, Version 3.1415926-2.4-1.40.13 (TeX Live 2012/Arch Linux) (format=pdflatex 2013.3.23)  11 APR 2013 16:51
entering extended mode
 \write18 enabled.
 %&-line parsing enabled.
**protos.tex
(./protos.tex
LaTeX2e <2011/06/27>
Babel <v3.8m> and hyphenation patterns for english, dumylang, nohyphenation, ge
rman-x-2012-05-30, ngerman-x-2012-05-30, afrikaans, ancientgreek, ibycus, arabi
c, armenian, basque, bulgarian, catalan, pinyin, coptic, croatian, czech, danis
h, dutch, ukenglish, usenglishmax, esperanto, estonian, ethiopic, farsi, finnis
h, french, friulan, galician, german, ngerman, swissgerman, monogreek, greek, h
ungarian, icelandic, assamese, bengali, gujarati, hindi, kannada, malayalam, ma
rathi, oriya, panjabi, tamil, telugu, indonesian, interlingua, irish, italian, 
kurmanji, latin, latvian, lithuanian, mongolian, mongolianlmc, bokmal, nynorsk,
 polish, portuguese, romanian, romansh, russian, sanskrit, serbian, serbianc, s
lovak, slovenian, spanish, swedish, turkish, turkmen, ukrainian, uppersorbian, 
welsh, loaded.
(/usr/share/texmf-dist/tex/latex/base/article.cls
Document Class: article 2007/10/19 v1.4h Standard LaTeX document class
(/usr/share/texmf-dist/tex/latex/base/size12.clo
File: size12.clo 2007/10/19 v1.4h Standard LaTeX file (size option)
)
\c@part=\count79
\c@section=\count80
\c@subsection=\count81
\c@subsubsection=\count82
\c@paragraph=\count83
\c@subparagraph=\count84
\c@figure=\count85
\c@table=\count86
\abovecaptionskip=\skip41
\belowcaptionskip=\skip42
\bibindent=\dimen102
)
(/usr/share/texmf-dist/tex/latex/graphics/graphicx.sty
Package: graphicx 1999/02/16 v1.0f Enhanced LaTeX Graphics (DPC,SPQR)

(/usr/share/texmf-dist/tex/latex/graphics/keyval.sty
Package: keyval 1999/03/16 v1.13 key=value parser (DPC)
\KV@toks@=\toks14
)
(/usr/share/texmf-dist/tex/latex/graphics/graphics.sty
Package: graphics 2009/02/05 v1.0o Standard LaTeX Graphics (DPC,SPQR)

(/usr/share/texmf-dist/tex/latex/graphics/trig.sty
Package: trig 1999/03/16 v1.09 sin cos tan (DPC)
)
(/usr/share/texmf-dist/tex/latex/latexconfig/graphics.cfg
File: graphics.cfg 2010/04/23 v1.9 graphics configuration of TeX Live
)
Package graphics Info: Driver file: pdftex.def on input line 91.

(/usr/share/texmf-dist/tex/latex/pdftex-def/pdftex.def
File: pdftex.def 2011/05/27 v0.06d Graphics/color for pdfTeX

(/usr/share/texmf-dist/tex/generic/oberdiek/infwarerr.sty
Package: infwarerr 2010/04/08 v1.3 Providing info/warning/error messages (HO)
)
(/usr/share/texmf-dist/tex/generic/oberdiek/ltxcmds.sty
Package: ltxcmds 2011/11/09 v1.22 LaTeX kernel commands for general use (HO)
)
\Gread@gobject=\count87
))
\Gin@req@height=\dimen103
\Gin@req@width=\dimen104
)
(/usr/share/texmf-dist/tex/latex/fancyhdr/fancyhdr.sty
\fancy@headwidth=\skip43
\f@ncyO@elh=\skip44
\f@ncyO@erh=\skip45
\f@ncyO@olh=\skip46
\f@ncyO@orh=\skip47
\f@ncyO@elf=\skip48
\f@ncyO@erf=\skip49
\f@ncyO@olf=\skip50
\f@ncyO@orf=\skip51
)
(/usr/share/texmf-dist/tex/latex/setspace/setspace.sty
Package: setspace 2011/12/19 v6.7a set line spacing
) (./msctexen.sty
Package: msctexen 2010/11/18 v0.1 Embed Mscgen in LaTeX
\@out=\write3
\c@msc@codenum=\count88
)
(/usr/share/texmf-dist/tex/latex/hyperref/hyperref.sty
Package: hyperref 2012/11/06 v6.83m Hypertext links for LaTeX

(/usr/share/texmf-dist/tex/generic/oberdiek/hobsub-hyperref.sty
Package: hobsub-hyperref 2012/05/28 v1.13 Bundle oberdiek, subset hyperref (HO)


(/usr/share/texmf-dist/tex/generic/oberdiek/hobsub-generic.sty
Package: hobsub-generic 2012/05/28 v1.13 Bundle oberdiek, subset generic (HO)
Package: hobsub 2012/05/28 v1.13 Construct package bundles (HO)
Package hobsub Info: Skipping package `infwarerr' (already loaded).
Package hobsub Info: Skipping package `ltxcmds' (already loaded).
Package: ifluatex 2010/03/01 v1.3 Provides the ifluatex switch (HO)
Package ifluatex Info: LuaTeX not detected.
Package: ifvtex 2010/03/01 v1.5 Detect VTeX and its facilities (HO)
Package ifvtex Info: VTeX not detected.
Package: intcalc 2007/09/27 v1.1 Expandable calculations with integers (HO)
Package: ifpdf 2011/01/30 v2.3 Provides the ifpdf switch (HO)
Package ifpdf Info: pdfTeX in PDF mode is detected.
Package: etexcmds 2011/02/16 v1.5 Avoid name clashes with e-TeX commands (HO)
Package etexcmds Info: Could not find \expanded.
(etexcmds)             That can mean that you are not using pdfTeX 1.50 or
(etexcmds)             that some package has redefined \expanded.
(etexcmds)             In the latter case, load this package earlier.
Package: kvsetkeys 2012/04/25 v1.16 Key value parser (HO)
Package: kvdefinekeys 2011/04/07 v1.3 Define keys (HO)
Package: pdftexcmds 2011/11/29 v0.20 Utility functions of pdfTeX for LuaTeX (HO
)
Package pdftexcmds Info: LuaTeX not detected.
Package pdftexcmds Info: \pdf@primitive is available.
Package pdftexcmds Info: \pdf@ifprimitive is available.
Package pdftexcmds Info: \pdfdraftmode found.
Package: pdfescape 2011/11/25 v1.13 Implements pdfTeX's escape features (HO)
Package: bigintcalc 2012/04/08 v1.3 Expandable calculations on big integers (HO
)
Package: bitset 2011/01/30 v1.1 Handle bit-vector datatype (HO)
Package: uniquecounter 2011/01/30 v1.2 Provide unlimited unique counter (HO)
)
Package hobsub Info: Skipping package `hobsub' (already loaded).
Package: letltxmacro 2010/09/02 v1.4 Let assignment for LaTeX macros (HO)
Package: hopatch 2012/05/28 v1.2 Wrapper for package hooks (HO)
Package: xcolor-patch 2011/01/30 xcolor patch
Package: atveryend 2011/06/30 v1.8 Hooks at the very end of document (HO)
Package atveryend Info: \enddocument detected (standard20110627).
Package: atbegshi 2011/10/05 v1.16 At begin shipout hook (HO)
Package: refcount 2011/10/16 v3.4 Data extraction from label references (HO)
Package: hycolor 2011/01/30 v1.7 Color options for hyperref/bookmark (HO)
)
(/usr/share/texmf-dist/tex/generic/ifxetex/ifxetex.sty
Package: ifxetex 2010/09/12 v0.6 Provides ifxetex conditional
)
(/usr/share/texmf-dist/tex/latex/oberdiek/auxhook.sty
Package: auxhook 2011/03/04 v1.3 Hooks for auxiliary files (HO)
)
(/usr/share/texmf-dist/tex/latex/oberdiek/kvoptions.sty
Package: kvoptions 2011/06/30 v3.11 Key value format for package options (HO)
)
\@linkdim=\dimen105
\Hy@linkcounter=\count89
\Hy@pagecounter=\count90

(/usr/share/texmf-dist/tex/latex/hyperref/pd1enc.def
File: pd1enc.def 2012/11/06 v6.83m Hyperref: PDFDocEncoding definition (HO)
)
\Hy@SavedSpaceFactor=\count91

(/usr/share/texmf-dist/tex/latex/latexconfig/hyperref.cfg
File: hyperref.cfg 2002/06/06 v1.2 hyperref configuration of TeXLive
)
Package hyperref Info: Hyper figures OFF on input line 4443.
Package hyperref Info: Link nesting OFF on input line 4448.
Package hyperref Info: Hyper index ON on input line 4451.
Package hyperref Info: Plain pages OFF on input line 4458.
Package hyperref Info: Backreferencing OFF on input line 4463.
Package hyperref Info: Implicit mode ON; LaTeX internals redefined.
Package hyperref Info: Bookmarks ON on input line 4688.
\c@Hy@tempcnt=\count92

(/usr/share/texmf-dist/tex/latex/url/url.sty
\Urlmuskip=\muskip10
Package: url 2006/04/12  ver 3.3  Verb mode for urls, etc.
)
LaTeX Info: Redefining \url on input line 5041.
\XeTeXLinkMargin=\dimen106
\Fld@menulength=\count93
\Field@Width=\dimen107
\Fld@charsize=\dimen108
Package hyperref Info: Hyper figures OFF on input line 6295.
Package hyperref Info: Link nesting OFF on input line 6300.
Package hyperref Info: Hyper index ON on input line 6303.
Package hyperref Info: backreferencing OFF on input line 6310.
Package hyperref Info: Link coloring OFF on input line 6315.
Package hyperref Info: Link coloring with OCG OFF on input line 6320.
Package hyperref Info: PDF/A mode OFF on input line 6325.
LaTeX Info: Redefining \ref on input line 6365.
LaTeX Info: Redefining \pageref on input line 6369.
\Hy@abspage=\count94
\c@Item=\count95
\c@Hfootnote=\count96
)

Package hyperref Message: Driver: hpdftex.

(/usr/share/texmf-dist/tex/latex/hyperref/hpdftex.def
File: hpdftex.def 2012/11/06 v6.83m Hyperref driver for pdfTeX
\Fld@listcount=\count97
\c@bookmark@seq@number=\count98

(/usr/share/texmf-dist/tex/latex/oberdiek/rerunfilecheck.sty
Package: rerunfilecheck 2011/04/15 v1.7 Rerun checks for auxiliary files (HO)
Package uniquecounter Info: New unique counter `rerunfilecheck' on input line 2
82.
)
\Hy@SectionHShift=\skip52
)
(/usr/share/texmf-dist/tex/latex/parskip/parskip.sty
Package: parskip 2001/04/09 non-zero parskip adjustments
)
(/usr/share/texmf-dist/tex/latex/amsmath/amsmath.sty
Package: amsmath 2000/07/18 v2.13 AMS math features
\@mathmargin=\skip53

For additional information on amsmath, use the `?' option.
(/usr/share/texmf-dist/tex/latex/amsmath/amstext.sty
Package: amstext 2000/06/29 v2.01

(/usr/share/texmf-dist/tex/latex/amsmath/amsgen.sty
File: amsgen.sty 1999/11/30 v2.0
\@emptytoks=\toks15
\ex@=\dimen109
))
(/usr/share/texmf-dist/tex/latex/amsmath/amsbsy.sty
Package: amsbsy 1999/11/29 v1.2d
\pmbraise@=\dimen110
)
(/usr/share/texmf-dist/tex/latex/amsmath/amsopn.sty
Package: amsopn 1999/12/14 v2.01 operator names
)
\inf@bad=\count99
LaTeX Info: Redefining \frac on input line 211.
\uproot@=\count100
\leftroot@=\count101
LaTeX Info: Redefining \overline on input line 307.
\classnum@=\count102
\DOTSCASE@=\count103
LaTeX Info: Redefining \ldots on input line 379.
LaTeX Info: Redefining \dots on input line 382.
LaTeX Info: Redefining \cdots on input line 467.
\Mathstrutbox@=\box26
\strutbox@=\box27
\big@size=\dimen111
LaTeX Font Info:    Redeclaring font encoding OML on input line 567.
LaTeX Font Info:    Redeclaring font encoding OMS on input line 568.
\macc@depth=\count104
\c@MaxMatrixCols=\count105
\dotsspace@=\muskip11
\c@parentequation=\count106
\dspbrk@lvl=\count107
\tag@help=\toks16
\row@=\count108
\column@=\count109
\maxfields@=\count110
\andhelp@=\toks17
\eqnshift@=\dimen112
\alignsep@=\dimen113
\tagshift@=\dimen114
\tagwidth@=\dimen115
\totwidth@=\dimen116
\lineht@=\dimen117
\@envbody=\toks18
\multlinegap=\skip54
\multlinetaggap=\skip55
\mathdisplay@stack=\toks19
LaTeX Info: Redefining \[ on input line 2666.
LaTeX Info: Redefining \] on input line 2667.
)
(/usr/share/texmf-dist/tex/latex/titling/titling.sty
Package: titling 2009/09/04 v2.1d maketitle typesetting
\thanksmarkwidth=\skip56
\thanksmargin=\skip57
\droptitle=\skip58
)

LaTeX Warning: Unused global option(s):
    [a4papaer].

(./protos.aux)
\openout1 = `protos.aux'.

LaTeX Font Info:    Checking defaults for OML/cmm/m/it on input line 24.
LaTeX Font Info:    ... okay on input line 24.
LaTeX Font Info:    Checking defaults for T1/cmr/m/n on input line 24.
LaTeX Font Info:    ... okay on input line 24.
LaTeX Font Info:    Checking defaults for OT1/cmr/m/n on input line 24.
LaTeX Font Info:    ... okay on input line 24.
LaTeX Font Info:    Checking defaults for OMS/cmsy/m/n on input line 24.
LaTeX Font Info:    ... okay on input line 24.
LaTeX Font Info:    Checking defaults for OMX/cmex/m/n on input line 24.
LaTeX Font Info:    ... okay on input line 24.
LaTeX Font Info:    Checking defaults for U/cmr/m/n on input line 24.
LaTeX Font Info:    ... okay on input line 24.
LaTeX Font Info:    Checking defaults for PD1/pdf/m/n on input line 24.
LaTeX Font Info:    ... okay on input line 24.
 (/usr/share/texmf-dist/tex/context/base/supp-pdf.mkii
[Loading MPS to PDF converter (version 2006.09.02).]
\scratchcounter=\count111
\scratchdimen=\dimen118
\scratchbox=\box28
\nofMPsegments=\count112
\nofMParguments=\count113
\everyMPshowfont=\toks20
\MPscratchCnt=\count114
\MPscratchDim=\dimen119
\MPnumerator=\count115
\makeMPintoPDFobject=\count116
\everyMPtoPDFconversion=\toks21
) (/usr/share/texmf-dist/tex/latex/oberdiek/epstopdf-base.sty
Package: epstopdf-base 2010/02/09 v2.5 Base part for package epstopdf

(/usr/share/texmf-dist/tex/latex/oberdiek/grfext.sty
Package: grfext 2010/08/19 v1.1 Manage graphics extensions (HO)
)
Package grfext Info: Graphics extension search list:
(grfext)             [.png,.pdf,.jpg,.mps,.jpeg,.jbig2,.jb2,.PNG,.PDF,.JPG,.JPE
G,.JBIG2,.JB2,.eps]
(grfext)             \AppendGraphicsExtensions on input line 452.

(/usr/share/texmf-dist/tex/latex/latexconfig/epstopdf-sys.cfg
File: epstopdf-sys.cfg 2010/07/13 v1.3 Configuration of (r)epstopdf for TeX Liv
e
))
\AtBeginShipoutBox=\box29
Package hyperref Info: Link coloring OFF on input line 24.

(/usr/share/texmf-dist/tex/latex/hyperref/nameref.sty
Package: nameref 2012/10/27 v2.43 Cross-referencing by name of section

(/usr/share/texmf-dist/tex/generic/oberdiek/gettitlestring.sty
Package: gettitlestring 2010/12/03 v1.4 Cleanup title references (HO)
)
\c@section@level=\count117
)
LaTeX Info: Redefining \ref on input line 24.
LaTeX Info: Redefining \pageref on input line 24.
LaTeX Info: Redefining \nameref on input line 24.
 (./protos.out) (./protos.out)
\@outlinefile=\write4
\openout4 = `protos.out'.

 [1

{/var/lib/texmf/fonts/map/pdftex/updmap/pdftex.map}]
\openout3 = `protos-msc-1.mscg'.

runsystem(mscgen -T eps -i protos-msc-1.mscg -o protos-msc-1.eps >protos-msc-1.
out 2> protos-msc-1.err)...executed.

runsystem(epstopdf --gsopt=-dEPSCrop protos-msc-1.eps)...executed.

Package epstopdf Info: Source file: <protos-msc-1.eps>
(epstopdf)              
      date: 2013-04-11 16:51:19
(epstopdf)                    size: 4268 bytes

(epstopdf)             Output file: <protos-msc-1-eps-converted-to.pdf>
(epstop
df)                    date: 2013-04-11 16:50:53
(epstopdf)                    
size: 6077 bytes
(epstopdf)             Command: <epstopdf --outfile=protos-msc
-1-eps-converted-to.pdf protos-msc-1.eps>
(epstopdf)             \includegraphi
cs on input line 62.
runsystem(epstopdf --outfile=protos-msc-1-eps-converted-to.pdf protos-msc-1.eps
)...executed.

Package epstopdf Info: Result file: <protos-msc-1-eps-converted-to.pdf>
(epstop
df)                    date: 2013-04-11 16:51:20
(epstopdf)                    
size: 6077 bytes.

<protos-msc-1-eps-converted-to.pdf, id=96, 421.575pt x 133.49875pt>
File: protos-msc-1-eps-converted-to.pdf Graphic file (type pdf)

<use protos-msc-1-eps-converted-to.pdf>
Package pdftex.def Info: protos-msc-1-eps-converted-to.pdf used on input line 6
2.
(pdftex.def)             Requested size: 390.0pt x 123.50272pt.


Package Fancyhdr Warning: \headheight is too small (12.0pt): 
 Make it at least 14.49998pt.
 We now make it that large for the rest of the document.
 This may cause the page layout to be inconsistent, however.

[2 <./protos-msc-1-eps-converted-to.pdf>]
\openout3 = `protos-msc-2.mscg'.

runsystem(mscgen -T eps -i protos-msc-2.mscg -o protos-msc-2.eps >protos-msc-2.
out 2> protos-msc-2.err)...executed.

runsystem(epstopdf --gsopt=-dEPSCrop protos-msc-2.eps)...executed.

Package epstopdf Info: Source file: <protos-msc-2.eps>
(epstopdf)              
      date: 2013-04-11 16:51:20
(epstopdf)                    size: 4245 bytes

(epstopdf)             Output file: <protos-msc-2-eps-converted-to.pdf>
(epstop
df)                    date: 2013-04-11 16:50:53
(epstopdf)                    
size: 5853 bytes
(epstopdf)             Command: <epstopdf --outfile=protos-msc
-2-eps-converted-to.pdf protos-msc-2.eps>
(epstopdf)             \includegraphi
cs on input line 97.
runsystem(epstopdf --outfile=protos-msc-2-eps-converted-to.pdf protos-msc-2.eps
)...executed.

Package epstopdf Info: Result file: <protos-msc-2-eps-converted-to.pdf>
(epstop
df)                    date: 2013-04-11 16:51:20
(epstopdf)                    
size: 5853 bytes.

<protos-msc-2-eps-converted-to.pdf, id=107, 421.575pt x 133.49875pt>
File: protos-msc-2-eps-converted-to.pdf Graphic file (type pdf)

<use protos-msc-2-eps-converted-to.pdf>
Package pdftex.def Info: protos-msc-2-eps-converted-to.pdf used on input line 9
7.
(pdftex.def)             Requested size: 390.0pt x 123.50272pt.
 [3 <./protos-msc-2-eps-converted-to.pdf>]
\openout3 = `protos-msc-3.mscg'.

runsystem(mscgen -T eps -i protos-msc-3.mscg -o protos-msc-3.eps >protos-msc-3.
out 2> protos-msc-3.err)...executed.

runsystem(epstopdf --gsopt=-dEPSCrop protos-msc-3.eps)...executed.

Package epstopdf Info: Source file: <protos-msc-3.eps>
(epstopdf)              
      date: 2013-04-11 16:51:20
(epstopdf)                    size: 3302 bytes

(epstopdf)             Output file: <protos-msc-3-eps-converted-to.pdf>
(epstop
df)                    date: 2013-04-11 16:50:53
(epstopdf)                    
size: 5396 bytes
(epstopdf)             Command: <epstopdf --outfile=protos-msc
-3-eps-converted-to.pdf protos-msc-3.eps>
(epstopdf)             \includegraphi
cs on input line 130.
runsystem(epstopdf --outfile=protos-msc-3-eps-converted-to.pdf protos-msc-3.eps
)...executed.

Package epstopdf Info: Result file: <protos-msc-3-eps-converted-to.pdf>
(epstop
df)                    date: 2013-04-11 16:51:20
(epstopdf)                    
size: 5396 bytes.
 <protos-msc-3-eps-converted-to.pdf, id=117, 421.575pt x 94.3525pt>
File: protos-msc-3-eps-converted-to.pdf Graphic file (type pdf)

<use protos-msc-3-eps-converted-to.pdf>
Package pdftex.def Info: protos-msc-3-eps-converted-to.pdf used on input line 1
30.
(pdftex.def)             Requested size: 390.0pt x 87.28763pt.
 [4 <./protos-msc-3-eps-converted-to.pdf>]
\openout3 = `protos-msc-4.mscg'.

runsystem(mscgen -T eps -i protos-msc-4.mscg -o protos-msc-4.eps >protos-msc-4.
out 2> protos-msc-4.err)...executed.

runsystem(epstopdf --gsopt=-dEPSCrop protos-msc-4.eps)...executed.

Package epstopdf Info: Source file: <protos-msc-4.eps>
(epstopdf)              
      date: 2013-04-11 16:51:20
(epstopdf)                    size: 3302 bytes

(epstopdf)             Output file: <protos-msc-4-eps-converted-to.pdf>
(epstop
df)                    date: 2013-04-11 16:50:53
(epstopdf)                    
size: 5396 bytes
(epstopdf)             Command: <epstopdf --outfile=protos-msc
-4-eps-converted-to.pdf protos-msc-4.eps>
(epstopdf)             \includegraphi
cs on input line 164.
runsystem(epstopdf --outfile=protos-msc-4-eps-converted-to.pdf protos-msc-4.eps
)...executed.

Package epstopdf Info: Result file: <protos-msc-4-eps-converted-to.pdf>
(epstop
df)                    date: 2013-04-11 16:51:20
(epstopdf)                    
size: 5396 bytes.
 <protos-msc-4-eps-converted-to.pdf, id=130, 421.575pt x 94.3525pt>
File: protos-msc-4-eps-converted-to.pdf Graphic file (type pdf)

<use protos-msc-4-eps-converted-to.pdf>
Package pdftex.def Info: protos-msc-4-eps-converted-to.pdf used on input line 1
64.
(pdftex.def)             Requested size: 390.0pt x 87.28763pt.
 [5 <./protos-msc-4-eps-converted-to.pdf>]
\openout3 = `protos-msc-5.mscg'.

runsystem(mscgen -T eps -i protos-msc-5.mscg -o protos-msc-5.eps >protos-msc-5.
out 2> protos-msc-5.err)...executed.

runsystem(epstopdf --gsopt=-dEPSCrop protos-msc-5.eps)...executed.

Package epstopdf Info: Source file: <protos-msc-5.eps>
(epstopdf)              
      date: 2013-04-11 16:51:20
(epstopdf)                    size: 3310 bytes

(epstopdf)             Output file: <protos-msc-5-eps-converted-to.pdf>
(epstop
df)                    date: 2013-04-11 16:50:54
(epstopdf)                    
size: 5594 bytes
(epstopdf)             Command: <epstopdf --outfile=protos-msc
-5-eps-converted-to.pdf protos-msc-5.eps>
(epstopdf)             \includegraphi
cs on input line 198.
runsystem(epstopdf --outfile=protos-msc-5-eps-converted-to.pdf protos-msc-5.eps
)...executed.

Package epstopdf Info: Result file: <protos-msc-5-eps-converted-to.pdf>
(epstop
df)                    date: 2013-04-11 16:51:21
(epstopdf)                    
size: 5594 bytes.
 <protos-msc-5-eps-converted-to.pdf, id=140, 421.575pt x 94.3525pt>
File: protos-msc-5-eps-converted-to.pdf Graphic file (type pdf)

<use protos-msc-5-eps-converted-to.pdf>
Package pdftex.def Info: protos-msc-5-eps-converted-to.pdf used on input line 1
98.
(pdftex.def)             Requested size: 390.0pt x 87.28763pt.
 [6 <./protos-msc-5-eps-converted-to.pdf>]
Package atveryend Info: Empty hook `BeforeClearDocument' on input line 221.
Package atveryend Info: Empty hook `AfterLastShipout' on input line 221.
 (./protos.aux)
Package atveryend Info: Executing hook `AtVeryEndDocument' on input line 221.
Package atveryend Info: Executing hook `AtEndAfterFileList' on input line 221.
Package rerunfilecheck Info: File `protos.out' has not changed.
(rerunfilecheck)             Checksum: 83C08F0E9558E96E90A756DAD2334B45;1205.
Package atveryend Info: Empty hook `AtVeryVeryEnd' on input line 221.
 ) 
Here is how much of TeX's memory you used:
 5978 strings out of 493488
 85952 string characters out of 3146892
 167917 words of memory out of 3000000
 9190 multiletter control sequences out of 15000+200000
 9933 words of font info for 36 fonts, out of 3000000 for 9000
 957 hyphenation exceptions out of 8191
 29i,10n,43p,239b,328s stack positions out of 5000i,500n,10000p,200000b,50000s
</usr/share/texmf-dist/fonts/type1/public/amsfonts/cm/cmbx12.pfb></usr/share/
texmf-dist/fonts/type1/public/amsfonts/cm/cmmi12.pfb></usr/share/texmf-dist/fon
ts/type1/public/amsfonts/cm/cmmi8.pfb></usr/share/texmf-dist/fonts/type1/public
/amsfonts/cm/cmr12.pfb></usr/share/texmf-dist/fonts/type1/public/amsfonts/cm/cm
r17.pfb></usr/share/texmf-dist/fonts/type1/public/amsfonts/cm/cmr6.pfb></usr/sh
are/texmf-dist/fonts/type1/public/amsfonts/cm/cmsy10.pfb>
Output written on protos.pdf (6 pages, 95961 bytes).
PDF statistics:
 182 PDF objects out of 1000 (max. 8388607)
 155 compressed objects within 2 object streams
 28 named destinations out of 1000 (max. 500000)
 194 words of extra memory for PDF output out of 10000 (max. 10000000)

